<?xml version="1.0" encoding="UTF-8"?>
<!-- Generated by org.testng.reporters.JUnitReportReporter -->
<testsuite skipped="0" hostname="DESKTOP-RBNODKN" name="com.POSTrequest.createProjectJsonFile" tests="1" failures="0" timestamp="21 Jun 2021 17:13:26 GMT" time="3.206" errors="0">
  <testcase name="createProject" time="3.206" classname="com.POSTrequest.createProjectJsonFile"/>
</testsuite> <!-- com.POSTrequest.createProjectJsonFile -->
