<?xml version="1.0" encoding="UTF-8"?>
<!-- Generated by org.testng.reporters.JUnitReportReporter -->
<testsuite skipped="0" hostname="DESKTOP-RBNODKN" name="com.GitParameters.PathParameters" tests="1" failures="0" timestamp="23 Jun 2021 05:48:55 GMT" time="5.254" errors="0">
  <testcase name="getAllRepoForUSer" time="5.254" classname="com.GitParameters.PathParameters"/>
</testsuite> <!-- com.GitParameters.PathParameters -->
