<?xml version="1.0" encoding="UTF-8"?>
<!-- Generated by org.testng.reporters.JUnitReportReporter -->
<testsuite skipped="0" hostname="DESKTOP-RBNODKN" name="com.rmgyantra.Authentication.BasicAuthenticationTest" tests="1" failures="0" timestamp="22 Jun 2021 05:34:51 GMT" time="4.838" errors="0">
  <testcase name="basicAuthTest" time="4.838" classname="com.rmgyantra.Authentication.BasicAuthenticationTest"/>
</testsuite> <!-- com.rmgyantra.Authentication.BasicAuthenticationTest -->
