<?xml version="1.0" encoding="UTF-8"?>
<!-- Generated by org.testng.reporters.JUnitReportReporter -->
<testsuite skipped="0" hostname="DESKTOP-RBNODKN" name="com.POSTrequest.RandomNumber" tests="1" failures="0" timestamp="22 Jun 2021 05:19:59 GMT" time="5.311" errors="0">
  <testcase name="createProject" time="5.311" classname="com.POSTrequest.RandomNumber"/>
</testsuite> <!-- com.POSTrequest.RandomNumber -->
