<?xml version="1.0" encoding="UTF-8"?>
<!-- Generated by org.testng.reporters.JUnitReportReporter -->
<testsuite skipped="0" hostname="DESKTOP-RBNODKN" name="com.POSTrequest.createProjectHashMap" tests="1" failures="0" timestamp="21 Jun 2021 16:59:46 GMT" time="3.700" errors="0">
  <testcase name="createProject" time="3.700" classname="com.POSTrequest.createProjectHashMap"/>
</testsuite> <!-- com.POSTrequest.createProjectHashMap -->
