<?xml version="1.0" encoding="UTF-8"?>
<!-- Generated by org.testng.reporters.JUnitReportReporter -->
<testsuite skipped="0" hostname="DESKTOP-RBNODKN" name="com.responseValidate.StaticValidation" tests="1" failures="0" timestamp="23 Jun 2021 05:22:33 GMT" time="6.032" errors="0">
  <testcase name="getAllProjectValidateStaticResponse" time="6.032" classname="com.responseValidate.StaticValidation"/>
</testsuite> <!-- com.responseValidate.StaticValidation -->
