<?xml version="1.0" encoding="UTF-8"?>
<!-- Generated by org.testng.reporters.JUnitReportReporter -->
<testsuite skipped="0" hostname="DESKTOP-RBNODKN" name="com.rmg.endToend.scenarios.CreateProject" tests="1" failures="0" timestamp="23 Jun 2021 06:22:25 GMT" time="7.175" errors="0">
  <testcase name="createAndVerify" time="7.175" classname="com.rmg.endToend.scenarios.CreateProject"/>
</testsuite> <!-- com.rmg.endToend.scenarios.CreateProject -->
