<?xml version="1.0" encoding="UTF-8"?>
<!-- Generated by org.testng.reporters.JUnitReportReporter -->
<testsuite skipped="0" hostname="DESKTOP-RBNODKN" name="com.rmg.endToend.scenarios.PutProject" tests="1" failures="0" timestamp="23 Jun 2021 06:46:45 GMT" time="6.594" errors="0">
  <testcase name="updateAndVerify" time="6.594" classname="com.rmg.endToend.scenarios.PutProject"/>
</testsuite> <!-- com.rmg.endToend.scenarios.PutProject -->
