<?xml version="1.0" encoding="UTF-8"?>
<!-- Generated by org.testng.reporters.JUnitReportReporter -->
<testsuite skipped="0" hostname="DESKTOP-RBNODKN" name="com.rmg.CrudTest.CreateProjects" tests="1" failures="0" timestamp="21 Jun 2021 09:06:30 GMT" time="1.587" errors="0">
  <testcase name="createProjects" time="1.587" classname="com.rmg.CrudTest.CreateProjects"/>
</testsuite> <!-- com.rmg.CrudTest.CreateProjects -->
