<?xml version="1.0" encoding="UTF-8"?>
<!-- Generated by org.testng.reporters.JUnitReportReporter -->
<testsuite skipped="0" hostname="DESKTOP-RBNODKN" name="com.rmgyantra.Authentication.PreemtiveAuth" tests="1" failures="0" timestamp="23 Jun 2021 05:44:36 GMT" time="4.527" errors="0">
  <testcase name="PreemtivAuth" time="4.527" classname="com.rmgyantra.Authentication.PreemtiveAuth"/>
</testsuite> <!-- com.rmgyantra.Authentication.PreemtiveAuth -->
