<?xml version="1.0" encoding="UTF-8"?>
<!-- Generated by org.testng.reporters.JUnitReportReporter -->
<testsuite skipped="0" hostname="DESKTOP-RBNODKN" name="com.rmg.CrudTest.CreateProjectsBDD" tests="1" failures="0" timestamp="21 Jun 2021 08:48:53 GMT" time="4.833" errors="0">
  <testcase name="createProjectsTest" time="4.833" classname="com.rmg.CrudTest.CreateProjectsBDD"/>
</testsuite> <!-- com.rmg.CrudTest.CreateProjectsBDD -->
