<?xml version="1.0" encoding="UTF-8"?>
<!-- Generated by org.testng.reporters.JUnitReportReporter -->
<testsuite skipped="0" hostname="DESKTOP-RBNODKN" name="com.POSTrequest.createProjectJsonObj" tests="1" failures="0" timestamp="21 Jun 2021 16:57:17 GMT" time="4.045" errors="0">
  <testcase name="createProject" time="4.045" classname="com.POSTrequest.createProjectJsonObj"/>
</testsuite> <!-- com.POSTrequest.createProjectJsonObj -->
