<?xml version="1.0" encoding="UTF-8"?>
<!-- Generated by org.testng.reporters.JUnitReportReporter -->
<testsuite skipped="0" hostname="DESKTOP-RBNODKN" name="com.rmg.CrudTest.getProjects_BDD" tests="2" failures="0" timestamp="21 Jun 2021 09:11:04 GMT" time="3.528" errors="0">
  <testcase name="getAllProject" time="3.469" classname="com.rmg.CrudTest.getProjects_BDD"/>
  <testcase name="getAllProjectTest" time="0.059" classname="com.rmg.CrudTest.getProjects_BDD"/>
</testsuite> <!-- com.rmg.CrudTest.getProjects_BDD -->
