<?xml version="1.0" encoding="UTF-8"?>
<!-- Generated by org.testng.reporters.JUnitReportReporter -->
<testsuite skipped="0" hostname="DESKTOP-RBNODKN" name="com.rmg.endToend.scenarios.DeleteProject" tests="1" failures="0" timestamp="23 Jun 2021 06:22:44 GMT" time="6.552" errors="0">
  <testcase name="createAndVerify" time="6.552" classname="com.rmg.endToend.scenarios.DeleteProject"/>
</testsuite> <!-- com.rmg.endToend.scenarios.DeleteProject -->
