<?xml version="1.0" encoding="UTF-8"?>
<!-- Generated by org.testng.reporters.JUnitReportReporter -->
<testsuite skipped="0" hostname="DESKTOP-RBNODKN" name="com.rmgyantra.Authentication.NewAUthTest" tests="1" failures="0" timestamp="22 Jun 2021 06:32:26 GMT" time="7.556" errors="0">
  <testcase name="AuthTest" time="7.556" classname="com.rmgyantra.Authentication.NewAUthTest"/>
</testsuite> <!-- com.rmgyantra.Authentication.NewAUthTest -->
