<?xml version="1.0" encoding="UTF-8"?>
<!-- Generated by org.testng.reporters.JUnitReportReporter -->
<testsuite skipped="0" hostname="DESKTOP-RBNODKN" name="com.rmg.projectTest.SampleProject" tests="1" failures="0" timestamp="21 Jun 2021 07:40:56 GMT" time="4.371" errors="0">
  <testcase name="getAllProjectTest" time="4.371" classname="com.rmg.projectTest.SampleProject"/>
</testsuite> <!-- com.rmg.projectTest.SampleProject -->
