<?xml version="1.0" encoding="UTF-8"?>
<!-- Generated by org.testng.reporters.JUnitReportReporter -->
<testsuite skipped="0" hostname="DESKTOP-RBNODKN" name="com.rmgyantra.Authentication.DigestiveAuth" tests="1" failures="0" timestamp="23 Jun 2021 05:42:06 GMT" time="4.377" errors="0">
  <testcase name="desgistiveAuth" time="4.377" classname="com.rmgyantra.Authentication.DigestiveAuth"/>
</testsuite> <!-- com.rmgyantra.Authentication.DigestiveAuth -->
