<?xml version="1.0" encoding="UTF-8"?>
<!-- Generated by org.testng.reporters.JUnitReportReporter -->
<testsuite skipped="0" hostname="DESKTOP-RBNODKN" name="com.responseValidate.DynamicValidation" tests="1" failures="0" timestamp="23 Jun 2021 05:25:00 GMT" time="6.223" errors="0">
  <testcase name="getAllProjectAndValidateDynamicResponse" time="6.223" classname="com.responseValidate.DynamicValidation"/>
</testsuite> <!-- com.responseValidate.DynamicValidation -->
