<?xml version="1.0" encoding="UTF-8"?>
<!-- Generated by org.testng.reporters.JUnitReportReporter -->
<testsuite skipped="0" hostname="DESKTOP-RBNODKN" name="com.rmg.CrudTest.getProjects" tests="1" failures="0" timestamp="21 Jun 2021 07:38:36 GMT" time="8.349" errors="0">
  <testcase name="getProject" time="8.349" classname="com.rmg.CrudTest.getProjects"/>
</testsuite> <!-- com.rmg.CrudTest.getProjects -->
